[21:06:43] [modloading-worker-0/INFO] ========================================
[21:06:43] [modloading-worker-0/INFO] Minecraft: 1.20.1
[21:06:43] [modloading-worker-0/INFO] Side: server
[21:06:43] [modloading-worker-0/INFO] Development: false
[21:06:43] [modloading-worker-0/INFO] Version: 12.1.725
[21:06:43] [modloading-worker-0/INFO] Loader:
[21:06:43] [modloading-worker-0/INFO] - Forge: 47.2.0
[21:06:43] [modloading-worker-0/INFO] Dependencies:
[21:06:43] [modloading-worker-0/INFO] - Cloth Config: 11.1.118
[21:06:43] [modloading-worker-0/INFO] - Architectury: 9.2.14
[21:06:43] [modloading-worker-0/INFO] Mixin: 0.8.5
[21:06:43] [modloading-worker-0/INFO] OS: Linux 6.5.0-1022-azure (amd64)
[21:06:43] [modloading-worker-0/INFO] Java: 21.0.3 (Microsoft)
[21:06:43] [modloading-worker-0/INFO] ========================================
[21:06:43] [modloading-worker-0/INFO] Mods:
[21:06:43] [modloading-worker-0/INFO] - additionalstructures: 4.2.1
[21:06:43] [modloading-worker-0/INFO] - aether: 1.20.1-1.4.2-neoforge
[21:06:43] [modloading-worker-0/INFO] - alexsmobs: 1.22.8
[21:06:43] [modloading-worker-0/INFO] - apexcore: 10.0.0
[21:06:43] [modloading-worker-0/INFO] - architectury: 9.2.14
[21:06:43] [modloading-worker-0/INFO] - badpackets: 0.4.3
[21:06:43] [modloading-worker-0/INFO] - beautify: 2.0.2
[21:06:43] [modloading-worker-0/INFO] - betterdeserttemples: 1.20-Forge-3.0.3
[21:06:43] [modloading-worker-0/INFO] - betterendisland: 1.20-Forge-2.0.6
[21:06:43] [modloading-worker-0/INFO] - betterfortresses: 1.20-Forge-2.0.6
[21:06:43] [modloading-worker-0/INFO] - bettermineshafts: 1.20-Forge-4.0.4
[21:06:43] [modloading-worker-0/INFO] - betterstrongholds: 1.20-Forge-4.0.3
[21:06:43] [modloading-worker-0/INFO] - bettervillage: 3.1.0
[21:06:43] [modloading-worker-0/INFO] - biomesoplenty: 18.0.0.598
[21:06:43] [modloading-worker-0/INFO] - citadel: 2.5.4
[21:06:43] [modloading-worker-0/INFO] - cloth_config: 11.1.118
[21:06:43] [modloading-worker-0/INFO] - commonality: 7.0.0
[21:06:43] [modloading-worker-0/INFO] - coroutil: 1.20.1-1.3.7
[21:06:43] [modloading-worker-0/INFO] - cumulus_menus: 1.20.1-1.0.0-neoforge
[21:06:43] [modloading-worker-0/INFO] - curios: 5.9.1+1.20.1
[21:06:43] [modloading-worker-0/INFO] - easymagic: 8.0.1
[21:06:43] [modloading-worker-0/INFO] - easyshulkerboxes: 8.0.2
[21:06:43] [modloading-worker-0/INFO] - ecologics: 2.2.0
[21:06:43] [modloading-worker-0/INFO] - fantasyfurniture: 9.0.0
[21:06:43] [modloading-worker-0/INFO] - forge: 47.2.0
[21:06:43] [modloading-worker-0/INFO] - geckolib: 4.4.7
[21:06:43] [modloading-worker-0/INFO] - jade: 11.9.4+forge
[21:06:43] [modloading-worker-0/INFO] - journeymap: 5.10.1
[21:06:43] [modloading-worker-0/INFO] - konkrete: 1.8.0
[21:06:43] [modloading-worker-0/INFO] - libraryferret: 4.0.0
[21:06:43] [modloading-worker-0/INFO] - mcwbridges: 3.0.0
[21:06:43] [modloading-worker-0/INFO] - mcwdoors: 1.1.1
[21:06:43] [modloading-worker-0/INFO] - mcwfences: 1.1.2
[21:06:43] [modloading-worker-0/INFO] - mcwfurnitures: 3.2.2
[21:06:43] [modloading-worker-0/INFO] - mcwroofs: 2.3.0
[21:06:43] [modloading-worker-0/INFO] - mcwtrpdoors: 1.1.3
[21:06:43] [modloading-worker-0/INFO] - mcwwindows: 2.2.1
[21:06:43] [modloading-worker-0/INFO] - mes: 1.3.1-1.20-forge
[21:06:43] [modloading-worker-0/INFO] - minecraft: 1.20.1
[21:06:43] [modloading-worker-0/INFO] - mixinextras: 0.2.0-beta.9
[21:06:43] [modloading-worker-0/INFO] - mns: 1.0.1-1.20-forge
[21:06:43] [modloading-worker-0/INFO] - mowziesmobs: 1.6.4
[21:06:43] [modloading-worker-0/INFO] - mvs: 4.1.2-1.20-forge
[21:06:43] [modloading-worker-0/INFO] - naturalist: 4.0.3
[21:06:43] [modloading-worker-0/INFO] - nitrogen_internals: 1.20.1-1.0.7-neoforge
[21:06:43] [modloading-worker-0/INFO] - plushies: 1.4.0
[21:06:43] [modloading-worker-0/INFO] - puzzlesaccessapi: 8.0.9
[21:06:43] [modloading-worker-0/INFO] - puzzlesapi: 8.1.6
[21:06:43] [modloading-worker-0/INFO] - puzzleslib: 8.1.21
[21:06:43] [modloading-worker-0/INFO] - repurposed_structures: 7.1.15+1.20.1-forge
[21:06:43] [modloading-worker-0/INFO] - roughlyenoughitems: 12.1.725
[21:06:43] [modloading-worker-0/INFO] - takesapillage: 1.0.3
[21:06:43] [modloading-worker-0/INFO] - tectonic: 2.3.5a
[21:06:43] [modloading-worker-0/INFO] - terrablender: 3.0.1.7
[21:06:43] [modloading-worker-0/INFO] - terralith: 2.5.4
[21:06:43] [modloading-worker-0/INFO] - visualworkbench: 8.0.0
[21:06:43] [modloading-worker-0/INFO] - watut: 1.20.1-1.1.1
[21:06:43] [modloading-worker-0/INFO] - yungsapi: 1.20-Forge-4.0.5
[21:06:43] [modloading-worker-0/INFO] ========================================
[21:06:43] [modloading-worker-0/INFO] [REI] Registered plugin provider AetherREIServerPlugin [aether] for REIPlugin
[21:06:43] [modloading-worker-0/INFO] [REI] Registered plugin provider DefaultPluginImpl [roughlyenoughitems] for REIServerPlugin
[21:06:43] [modloading-worker-0/INFO] [REI] Registered plugin provider DefaultPluginImpl [roughlyenoughitems] for REIPlugin
[21:06:43] [modloading-worker-0/INFO] [REI] Registered plugin provider DefaultRuntimePlugin [roughlyenoughitems] for REIServerPlugin
[21:06:43] [modloading-worker-0/INFO] [REI] Registered plugin provider DefaultRuntimePlugin [roughlyenoughitems] for REIPlugin
[21:06:43] [modloading-worker-0/INFO] [REI] Registered plugin provider AetherREIServerPlugin [aether] for REIServerPlugin
[21:06:59] [Worker-Main-1/DEBUG] [REI] Processed 0 tags in 23.38 μs for minecraft:worldgen/world_preset
[21:06:59] [Worker-Main-2/DEBUG] [REI] Processed 0 tags in 39.90 μs for minecraft:worldgen/structure
[21:06:59] [Worker-Main-1/DEBUG] [REI] Processed 0 tags in 6.111 μs for minecraft:worldgen/density_function
[21:06:59] [Worker-Main-2/DEBUG] [REI] Processed 0 tags in 16.41 μs for minecraft:damage_type
[21:06:59] [Worker-Main-3/DEBUG] [REI] Processed 429 tags in 9.790 ms for minecraft:item
[21:06:59] [Worker-Main-3/DEBUG] [REI] Processed 0 tags in 10.84 μs for minecraft:worldgen/structure_set
[21:06:59] [Worker-Main-3/DEBUG] [REI] Processed 5 tags in 21.99 μs for minecraft:fluid
[21:06:59] [Worker-Main-3/DEBUG] [REI] Processed 3 tags in 91.62 μs for minecraft:point_of_interest_type
[21:06:59] [Worker-Main-3/DEBUG] [REI] Processed 4 tags in 86.94 μs for minecraft:instrument
[21:06:59] [Worker-Main-1/DEBUG] [REI] Processed 493 tags in 6.807 ms for minecraft:block
[21:06:59] [Worker-Main-3/DEBUG] [REI] Processed 0 tags in 9.868 μs for minecraft:dimension_type
[21:06:59] [Worker-Main-3/DEBUG] [REI] Processed 1 tags in 25.91 μs for minecraft:painting_variant
[21:06:59] [Worker-Main-2/DEBUG] [REI] Processed 0 tags in 105.6 μs for minecraft:worldgen/biome
[21:06:59] [Worker-Main-3/DEBUG] [REI] Processed 2 tags in 18.62 μs for minecraft:cat_variant
[21:06:59] [Worker-Main-3/DEBUG] [REI] Processed 12 tags in 63.03 μs for minecraft:banner_pattern
[21:06:59] [Worker-Main-3/DEBUG] [REI] Processed 5 tags in 134.2 μs for minecraft:game_event
[21:06:59] [Worker-Main-3/DEBUG] [REI] Processed 0 tags in 4.268 μs for minecraft:worldgen/flat_level_generator_preset
[21:06:59] [Worker-Main-1/DEBUG] [REI] Processed 74 tags in 317.0 μs for minecraft:entity_type
[21:07:00] [main/DEBUG] [REI] ========================================
[21:07:00] [main/DEBUG] [REI] REIPlugin starting pre-reload for START.
[21:07:00] [main/DEBUG] [REI] Reloadables (7):
[21:07:00] [main/DEBUG] [REI]  - EntryTypeRegistryImpl
[21:07:00] [main/DEBUG] [REI]  - EntrySettingsAdapterRegistryImpl
[21:07:00] [main/DEBUG] [REI]  - RecipeManagerContextImpl
[21:07:00] [main/DEBUG] [REI]  - ItemComparatorRegistryImpl
[21:07:00] [main/DEBUG] [REI]  - FluidComparatorRegistryImpl
[21:07:00] [main/DEBUG] [REI]  - DisplaySerializerRegistryImpl
[21:07:00] [main/DEBUG] [REI]  - FluidSupportProviderImpl
[21:07:00] [main/DEBUG] [REI] Plugins (3):
[21:07:00] [main/DEBUG] [REI]  - (-100.00) DefaultPluginImpl of DefaultPluginImpl [roughlyenoughitems]
[21:07:00] [main/DEBUG] [REI]  - (0.00) DefaultRuntimePlugin of DefaultRuntimePlugin [roughlyenoughitems]
[21:07:00] [main/DEBUG] [REI]  - (0.00) AetherREIServerPlugin of AetherREIServerPlugin [aether]
[21:07:00] [main/DEBUG] [REI] ========================================
[21:07:00] [main/TRACE] [REI] [REIPlugin START] Reloading Section: "pre-register/"
[21:07:00] [main/TRACE] [REI] [REIPlugin START] Reloading Section: "pre-register/DefaultPluginImpl of DefaultPluginImpl [roughlyenoughitems]/"
[21:07:00] [main/TRACE] [REI] [REIPlugin START] Reloading Section: "pre-register/DefaultPluginImpl of DefaultPluginImpl [roughlyenoughitems]/" done in 605.0 μs
[21:07:00] [main/TRACE] [REI] [REIPlugin START] Reloading Section: "pre-register/DefaultRuntimePlugin of DefaultRuntimePlugin [roughlyenoughitems]/"
[21:07:00] [main/TRACE] [REI] [REIPlugin START] Reloading Section: "pre-register/DefaultRuntimePlugin of DefaultRuntimePlugin [roughlyenoughitems]/" done in 11.27 μs
[21:07:00] [main/TRACE] [REI] [REIPlugin START] Reloading Section: "pre-register/AetherREIServerPlugin of AetherREIServerPlugin [aether]/"
[21:07:00] [main/TRACE] [REI] [REIPlugin START] Reloading Section: "pre-register/AetherREIServerPlugin of AetherREIServerPlugin [aether]/" done in 8.776 μs
[21:07:00] [main/TRACE] [REI] [REIPlugin START] Reloading Section: "pre-register/" done in 7.277 ms
[21:07:00] [main/TRACE] [REI] [REIPlugin START] Reloading Section: "pre-stage/"
[21:07:00] [main/TRACE] [REI] [REIPlugin START] Reloading Section: "pre-stage/EntryTypeRegistryImpl/"
[21:07:00] [main/TRACE] [REI] [REIPlugin START] Reloading Section: "pre-stage/EntryTypeRegistryImpl/" done in 135.9 μs
[21:07:00] [main/TRACE] [REI] [REIPlugin START] Reloading Section: "pre-stage/EntrySettingsAdapterRegistryImpl/"
[21:07:00] [main/TRACE] [REI] [REIPlugin START] Reloading Section: "pre-stage/EntrySettingsAdapterRegistryImpl/" done in 8.656 μs
[21:07:00] [main/TRACE] [REI] [REIPlugin START] Reloading Section: "pre-stage/RecipeManagerContextImpl/"
[21:07:00] [main/TRACE] [REI] [REIPlugin START] Reloading Section: "pre-stage/RecipeManagerContextImpl/" done in 7.223 μs
[21:07:00] [main/TRACE] [REI] [REIPlugin START] Reloading Section: "pre-stage/ItemComparatorRegistryImpl/"
[21:07:00] [main/TRACE] [REI] [REIPlugin START] Reloading Section: "pre-stage/ItemComparatorRegistryImpl/" done in 6.533 μs
[21:07:00] [main/TRACE] [REI] [REIPlugin START] Reloading Section: "pre-stage/FluidComparatorRegistryImpl/"
[21:07:00] [main/TRACE] [REI] [REIPlugin START] Reloading Section: "pre-stage/FluidComparatorRegistryImpl/" done in 6.352 μs
[21:07:00] [main/TRACE] [REI] [REIPlugin START] Reloading Section: "pre-stage/DisplaySerializerRegistryImpl/"
[21:07:00] [main/TRACE] [REI] [REIPlugin START] Reloading Section: "pre-stage/DisplaySerializerRegistryImpl/" done in 6.332 μs
[21:07:00] [main/TRACE] [REI] [REIPlugin START] Reloading Section: "pre-stage/FluidSupportProviderImpl/"
[21:07:00] [main/TRACE] [REI] [REIPlugin START] Reloading Section: "pre-stage/FluidSupportProviderImpl/" done in 6.702 μs
[21:07:00] [main/TRACE] [REI] [REIPlugin START] Reloading Section: "pre-stage/" done in 1.422 ms
[21:07:00] [main/DEBUG] [REI] ========================================
[21:07:00] [main/DEBUG] [REI] REIPlugin finished pre-reload for START in 11.78 ms.
[21:07:00] [main/DEBUG] [REI] ========================================
[21:07:00] [main/DEBUG] [REI] ========================================
[21:07:00] [main/DEBUG] [REI] REIServerPlugin starting pre-reload for START.
[21:07:00] [main/DEBUG] [REI] Reloadables (2):
[21:07:00] [main/DEBUG] [REI]  - MenuInfoRegistryImpl
[21:07:00] [main/DEBUG] [REI]  - SlotAccessorRegistryImpl
[21:07:00] [main/DEBUG] [REI] Plugins (3):
[21:07:00] [main/DEBUG] [REI]  - (-100.00) DefaultPluginImpl of DefaultPluginImpl [roughlyenoughitems]
[21:07:00] [main/DEBUG] [REI]  - (0.00) AetherREIServerPlugin of AetherREIServerPlugin [aether]
[21:07:00] [main/DEBUG] [REI]  - (0.00) DefaultRuntimePlugin of DefaultRuntimePlugin [roughlyenoughitems]
[21:07:00] [main/DEBUG] [REI] ========================================
[21:07:00] [main/TRACE] [REI] [REIServerPlugin START] Reloading Section: "pre-register/"
[21:07:00] [main/TRACE] [REI] [REIServerPlugin START] Reloading Section: "pre-register/DefaultPluginImpl of DefaultPluginImpl [roughlyenoughitems]/"
[21:07:00] [main/TRACE] [REI] [REIServerPlugin START] Reloading Section: "pre-register/DefaultPluginImpl of DefaultPluginImpl [roughlyenoughitems]/" done in 16.74 μs
[21:07:00] [main/TRACE] [REI] [REIServerPlugin START] Reloading Section: "pre-register/AetherREIServerPlugin of AetherREIServerPlugin [aether]/"
[21:07:00] [main/TRACE] [REI] [REIServerPlugin START] Reloading Section: "pre-register/AetherREIServerPlugin of AetherREIServerPlugin [aether]/" done in 8.135 μs
[21:07:00] [main/TRACE] [REI] [REIServerPlugin START] Reloading Section: "pre-register/DefaultRuntimePlugin of DefaultRuntimePlugin [roughlyenoughitems]/"
[21:07:00] [main/TRACE] [REI] [REIServerPlugin START] Reloading Section: "pre-register/DefaultRuntimePlugin of DefaultRuntimePlugin [roughlyenoughitems]/" done in 6.983 μs
[21:07:00] [main/TRACE] [REI] [REIServerPlugin START] Reloading Section: "pre-register/" done in 507.7 μs
[21:07:00] [main/TRACE] [REI] [REIServerPlugin START] Reloading Section: "pre-stage/"
[21:07:00] [main/TRACE] [REI] [REIServerPlugin START] Reloading Section: "pre-stage/MenuInfoRegistryImpl/"
[21:07:00] [main/TRACE] [REI] [REIServerPlugin START] Reloading Section: "pre-stage/MenuInfoRegistryImpl/" done in 6.502 μs
[21:07:00] [main/TRACE] [REI] [REIServerPlugin START] Reloading Section: "pre-stage/SlotAccessorRegistryImpl/"
[21:07:00] [main/TRACE] [REI] [REIServerPlugin START] Reloading Section: "pre-stage/SlotAccessorRegistryImpl/" done in 5.951 μs
[21:07:00] [main/TRACE] [REI] [REIServerPlugin START] Reloading Section: "pre-stage/" done in 296.1 μs
[21:07:00] [main/DEBUG] [REI] ========================================
[21:07:00] [main/DEBUG] [REI] REIServerPlugin finished pre-reload for START in 1.091 ms.
[21:07:00] [main/DEBUG] [REI] ========================================
[21:07:00] [main/INFO] [REI] ----------------------------------------
[21:07:00] [main/INFO] [REI] REIPlugin starting main-reload for START.
[21:07:00] [main/DEBUG] [REI] Reloadables (7):
[21:07:00] [main/DEBUG] [REI]  - EntryTypeRegistryImpl
[21:07:00] [main/DEBUG] [REI]  - EntrySettingsAdapterRegistryImpl
[21:07:00] [main/DEBUG] [REI]  - RecipeManagerContextImpl
[21:07:00] [main/DEBUG] [REI]  - ItemComparatorRegistryImpl
[21:07:00] [main/DEBUG] [REI]  - FluidComparatorRegistryImpl
[21:07:00] [main/DEBUG] [REI]  - DisplaySerializerRegistryImpl
[21:07:00] [main/DEBUG] [REI]  - FluidSupportProviderImpl
[21:07:00] [main/INFO] [REI] Plugins (3):
[21:07:00] [main/INFO] [REI]  - (-100.00) DefaultPluginImpl of DefaultPluginImpl [roughlyenoughitems]
[21:07:00] [main/INFO] [REI]  - (0.00) DefaultRuntimePlugin of DefaultRuntimePlugin [roughlyenoughitems]
[21:07:00] [main/INFO] [REI]  - (0.00) AetherREIServerPlugin of AetherREIServerPlugin [aether]
[21:07:00] [main/INFO] [REI] ----------------------------------------
[21:07:00] [main/TRACE] [REI] [REIPlugin START] Reloading Section: "start-reload/"
[21:07:00] [main/TRACE] [REI] [REIPlugin START] Reloading Section: "start-reload/EntryTypeRegistryImpl/"
[21:07:00] [main/TRACE] [REI] [REIPlugin START] Reloading Section: "start-reload/EntryTypeRegistryImpl/" done in 43.17 μs
[21:07:00] [main/TRACE] [REI] [REIPlugin START] Reloading Section: "start-reload/EntrySettingsAdapterRegistryImpl/"
[21:07:00] [main/TRACE] [REI] [REIPlugin START] Reloading Section: "start-reload/EntrySettingsAdapterRegistryImpl/" done in 10.75 μs
[21:07:00] [main/TRACE] [REI] [REIPlugin START] Reloading Section: "start-reload/RecipeManagerContextImpl/"
[21:07:00] [main/TRACE] [REI] [REIPlugin START] Reloading Section: "start-reload/RecipeManagerContextImpl/" done in 6.061 μs
[21:07:00] [main/TRACE] [REI] [REIPlugin START] Reloading Section: "start-reload/ItemComparatorRegistryImpl/"
[21:07:00] [main/TRACE] [REI] [REIPlugin START] Reloading Section: "start-reload/ItemComparatorRegistryImpl/" done in 20.79 μs
[21:07:00] [main/TRACE] [REI] [REIPlugin START] Reloading Section: "start-reload/FluidComparatorRegistryImpl/"
[21:07:00] [main/TRACE] [REI] [REIPlugin START] Reloading Section: "start-reload/FluidComparatorRegistryImpl/" done in 9.698 μs
[21:07:00] [main/TRACE] [REI] [REIPlugin START] Reloading Section: "start-reload/DisplaySerializerRegistryImpl/"
[21:07:00] [main/TRACE] [REI] [REIPlugin START] Reloading Section: "start-reload/DisplaySerializerRegistryImpl/" done in 6.762 μs
[21:07:00] [main/TRACE] [REI] [REIPlugin START] Reloading Section: "start-reload/FluidSupportProviderImpl/"
[21:07:00] [main/TRACE] [REI] [REIPlugin START] Reloading Section: "start-reload/FluidSupportProviderImpl/" done in 24.75 μs
[21:07:00] [main/TRACE] [REI] [REIPlugin START] Reloading Section: "start-reload/" done in 1.242 ms
[21:07:00] [main/DEBUG] [REI] ========================================
[21:07:00] [main/DEBUG] [REI] REIPlugin started main-reload for START.
[21:07:00] [main/DEBUG] [REI] ========================================
[21:07:00] [main/TRACE] [REI] [REIPlugin START] Reloading Section: "reloadable-plugin/EntryTypeRegistryImpl/"
[21:07:00] [main/TRACE] [REI] [REIPlugin START] Reloading Section: "reloadable-plugin/EntryTypeRegistryImpl/DefaultPluginImpl of DefaultPluginImpl [roughlyenoughitems]/"
[21:07:00] [main/TRACE] [REI] [REIPlugin START] Reloading Section: "reloadable-plugin/EntryTypeRegistryImpl/DefaultPluginImpl of DefaultPluginImpl [roughlyenoughitems]/" done in 170.9 μs
[21:07:00] [main/TRACE] [REI] [REIPlugin START] Reloading Section: "reloadable-plugin/EntryTypeRegistryImpl/DefaultRuntimePlugin of DefaultRuntimePlugin [roughlyenoughitems]/"
[21:07:00] [main/TRACE] [REI] [REIPlugin START] Reloading Section: "reloadable-plugin/EntryTypeRegistryImpl/DefaultRuntimePlugin of DefaultRuntimePlugin [roughlyenoughitems]/" done in 6.203 ms
[21:07:00] [main/TRACE] [REI] [REIPlugin START] Reloading Section: "reloadable-plugin/EntryTypeRegistryImpl/AetherREIServerPlugin of AetherREIServerPlugin [aether]/"
[21:07:00] [main/TRACE] [REI] [REIPlugin START] Reloading Section: "reloadable-plugin/EntryTypeRegistryImpl/AetherREIServerPlugin of AetherREIServerPlugin [aether]/" done in 14.45 μs
[21:07:00] [main/TRACE] [REI] [REIPlugin START] Reloading Section: "reloadable-plugin/EntryTypeRegistryImpl/" done in 7.335 ms
[21:07:00] [main/TRACE] [REI] [REIPlugin START] Reloading Section: "reloadable-plugin/EntrySettingsAdapterRegistryImpl/"
[21:07:00] [main/TRACE] [REI] [REIPlugin START] Reloading Section: "reloadable-plugin/EntrySettingsAdapterRegistryImpl/DefaultPluginImpl of DefaultPluginImpl [roughlyenoughitems]/"
[21:07:00] [main/TRACE] [REI] [REIPlugin START] Reloading Section: "reloadable-plugin/EntrySettingsAdapterRegistryImpl/DefaultPluginImpl of DefaultPluginImpl [roughlyenoughitems]/" done in 10.91 μs
[21:07:00] [main/TRACE] [REI] [REIPlugin START] Reloading Section: "reloadable-plugin/EntrySettingsAdapterRegistryImpl/DefaultRuntimePlugin of DefaultRuntimePlugin [roughlyenoughitems]/"
[21:07:00] [main/TRACE] [REI] [REIPlugin START] Reloading Section: "reloadable-plugin/EntrySettingsAdapterRegistryImpl/DefaultRuntimePlugin of DefaultRuntimePlugin [roughlyenoughitems]/" done in 11.86 μs
[21:07:00] [main/TRACE] [REI] [REIPlugin START] Reloading Section: "reloadable-plugin/EntrySettingsAdapterRegistryImpl/AetherREIServerPlugin of AetherREIServerPlugin [aether]/"
[21:07:00] [main/TRACE] [REI] [REIPlugin START] Reloading Section: "reloadable-plugin/EntrySettingsAdapterRegistryImpl/AetherREIServerPlugin of AetherREIServerPlugin [aether]/" done in 11.91 μs
[21:07:00] [main/TRACE] [REI] [REIPlugin START] Reloading Section: "reloadable-plugin/EntrySettingsAdapterRegistryImpl/" done in 567.2 μs
[21:07:00] [main/TRACE] [REI] [REIPlugin START] Reloading Section: "reloadable-plugin/RecipeManagerContextImpl/"
[21:07:00] [main/TRACE] [REI] [REIPlugin START] Reloading Section: "reloadable-plugin/RecipeManagerContextImpl/DefaultPluginImpl of DefaultPluginImpl [roughlyenoughitems]/"
[21:07:00] [main/TRACE] [REI] [REIPlugin START] Reloading Section: "reloadable-plugin/RecipeManagerContextImpl/DefaultPluginImpl of DefaultPluginImpl [roughlyenoughitems]/" done in 11.90 μs
[21:07:00] [main/TRACE] [REI] [REIPlugin START] Reloading Section: "reloadable-plugin/RecipeManagerContextImpl/DefaultRuntimePlugin of DefaultRuntimePlugin [roughlyenoughitems]/"
[21:07:00] [main/TRACE] [REI] [REIPlugin START] Reloading Section: "reloadable-plugin/RecipeManagerContextImpl/DefaultRuntimePlugin of DefaultRuntimePlugin [roughlyenoughitems]/" done in 13.18 μs
[21:07:00] [main/TRACE] [REI] [REIPlugin START] Reloading Section: "reloadable-plugin/RecipeManagerContextImpl/AetherREIServerPlugin of AetherREIServerPlugin [aether]/"
[21:07:00] [main/TRACE] [REI] [REIPlugin START] Reloading Section: "reloadable-plugin/RecipeManagerContextImpl/AetherREIServerPlugin of AetherREIServerPlugin [aether]/" done in 11.61 μs
[21:07:00] [main/TRACE] [REI] [REIPlugin START] Reloading Section: "reloadable-plugin/RecipeManagerContextImpl/" done in 525.8 μs
[21:07:00] [main/TRACE] [REI] [REIPlugin START] Reloading Section: "reloadable-plugin/ItemComparatorRegistryImpl/"
[21:07:00] [main/TRACE] [REI] [REIPlugin START] Reloading Section: "reloadable-plugin/ItemComparatorRegistryImpl/DefaultPluginImpl of DefaultPluginImpl [roughlyenoughitems]/"
[21:07:00] [main/TRACE] [REI] [REIPlugin START] Reloading Section: "reloadable-plugin/ItemComparatorRegistryImpl/DefaultPluginImpl of DefaultPluginImpl [roughlyenoughitems]/" done in 1.115 ms
[21:07:00] [main/TRACE] [REI] [REIPlugin START] Reloading Section: "reloadable-plugin/ItemComparatorRegistryImpl/DefaultRuntimePlugin of DefaultRuntimePlugin [roughlyenoughitems]/"
[21:07:00] [main/TRACE] [REI] [REIPlugin START] Reloading Section: "reloadable-plugin/ItemComparatorRegistryImpl/DefaultRuntimePlugin of DefaultRuntimePlugin [roughlyenoughitems]/" done in 14.54 μs
[21:07:00] [main/TRACE] [REI] [REIPlugin START] Reloading Section: "reloadable-plugin/ItemComparatorRegistryImpl/AetherREIServerPlugin of AetherREIServerPlugin [aether]/"
[21:07:00] [main/TRACE] [REI] [REIPlugin START] Reloading Section: "reloadable-plugin/ItemComparatorRegistryImpl/AetherREIServerPlugin of AetherREIServerPlugin [aether]/" done in 12.39 μs
[21:07:00] [main/TRACE] [REI] [REIPlugin START] Reloading Section: "reloadable-plugin/ItemComparatorRegistryImpl/" done in 1.753 ms
[21:07:00] [main/TRACE] [REI] [REIPlugin START] Reloading Section: "reloadable-plugin/FluidComparatorRegistryImpl/"
[21:07:00] [main/TRACE] [REI] [REIPlugin START] Reloading Section: "reloadable-plugin/FluidComparatorRegistryImpl/DefaultPluginImpl of DefaultPluginImpl [roughlyenoughitems]/"
[21:07:00] [main/TRACE] [REI] [REIPlugin START] Reloading Section: "reloadable-plugin/FluidComparatorRegistryImpl/DefaultPluginImpl of DefaultPluginImpl [roughlyenoughitems]/" done in 20.28 μs
[21:07:00] [main/TRACE] [REI] [REIPlugin START] Reloading Section: "reloadable-plugin/FluidComparatorRegistryImpl/DefaultRuntimePlugin of DefaultRuntimePlugin [roughlyenoughitems]/"
[21:07:00] [main/TRACE] [REI] [REIPlugin START] Reloading Section: "reloadable-plugin/FluidComparatorRegistryImpl/DefaultRuntimePlugin of DefaultRuntimePlugin [roughlyenoughitems]/" done in 12.29 μs
[21:07:00] [main/TRACE] [REI] [REIPlugin START] Reloading Section: "reloadable-plugin/FluidComparatorRegistryImpl/AetherREIServerPlugin of AetherREIServerPlugin [aether]/"
[21:07:00] [main/TRACE] [REI] [REIPlugin START] Reloading Section: "reloadable-plugin/FluidComparatorRegistryImpl/AetherREIServerPlugin of AetherREIServerPlugin [aether]/" done in 11.83 μs
[21:07:00] [main/TRACE] [REI] [REIPlugin START] Reloading Section: "reloadable-plugin/FluidComparatorRegistryImpl/" done in 612.8 μs
[21:07:00] [main/TRACE] [REI] [REIPlugin START] Reloading Section: "reloadable-plugin/DisplaySerializerRegistryImpl/"
[21:07:00] [main/TRACE] [REI] [REIPlugin START] Reloading Section: "reloadable-plugin/DisplaySerializerRegistryImpl/DefaultPluginImpl of DefaultPluginImpl [roughlyenoughitems]/"
[21:07:00] [main/TRACE] [REI] [REIPlugin START] Reloading Section: "reloadable-plugin/DisplaySerializerRegistryImpl/DefaultPluginImpl of DefaultPluginImpl [roughlyenoughitems]/" done in 8.676 μs
[21:07:00] [main/TRACE] [REI] [REIPlugin START] Reloading Section: "reloadable-plugin/DisplaySerializerRegistryImpl/DefaultRuntimePlugin of DefaultRuntimePlugin [roughlyenoughitems]/"
[21:07:00] [main/TRACE] [REI] [REIPlugin START] Reloading Section: "reloadable-plugin/DisplaySerializerRegistryImpl/DefaultRuntimePlugin of DefaultRuntimePlugin [roughlyenoughitems]/" done in 8.877 μs
[21:07:00] [main/TRACE] [REI] [REIPlugin START] Reloading Section: "reloadable-plugin/DisplaySerializerRegistryImpl/AetherREIServerPlugin of AetherREIServerPlugin [aether]/"
[21:07:00] [main/TRACE] [REI] [REIPlugin START] Reloading Section: "reloadable-plugin/DisplaySerializerRegistryImpl/AetherREIServerPlugin of AetherREIServerPlugin [aether]/" done in 8.897 μs
[21:07:00] [main/TRACE] [REI] [REIPlugin START] Reloading Section: "reloadable-plugin/DisplaySerializerRegistryImpl/" done in 352.9 μs
[21:07:00] [main/TRACE] [REI] [REIPlugin START] Reloading Section: "reloadable-plugin/FluidSupportProviderImpl/"
[21:07:00] [main/TRACE] [REI] [REIPlugin START] Reloading Section: "reloadable-plugin/FluidSupportProviderImpl/DefaultPluginImpl of DefaultPluginImpl [roughlyenoughitems]/"
[21:07:00] [main/TRACE] [REI] [REIPlugin START] Reloading Section: "reloadable-plugin/FluidSupportProviderImpl/DefaultPluginImpl of DefaultPluginImpl [roughlyenoughitems]/" done in 459.9 μs
[21:07:00] [main/TRACE] [REI] [REIPlugin START] Reloading Section: "reloadable-plugin/FluidSupportProviderImpl/DefaultRuntimePlugin of DefaultRuntimePlugin [roughlyenoughitems]/"
[21:07:00] [main/TRACE] [REI] [REIPlugin START] Reloading Section: "reloadable-plugin/FluidSupportProviderImpl/DefaultRuntimePlugin of DefaultRuntimePlugin [roughlyenoughitems]/" done in 11.67 μs
[21:07:00] [main/TRACE] [REI] [REIPlugin START] Reloading Section: "reloadable-plugin/FluidSupportProviderImpl/AetherREIServerPlugin of AetherREIServerPlugin [aether]/"
[21:07:00] [main/TRACE] [REI] [REIPlugin START] Reloading Section: "reloadable-plugin/FluidSupportProviderImpl/AetherREIServerPlugin of AetherREIServerPlugin [aether]/" done in 12.44 μs
[21:07:00] [main/TRACE] [REI] [REIPlugin START] Reloading Section: "reloadable-plugin/FluidSupportProviderImpl/" done in 1.030 ms
[21:07:00] [main/DEBUG] [REI] ========================================
[21:07:00] [main/DEBUG] [REI] REIPlugin ending main-reload for START.
[21:07:00] [main/DEBUG] [REI] ========================================
[21:07:00] [main/TRACE] [REI] [REIPlugin START] Reloading Section: "end-reload/"
[21:07:00] [main/TRACE] [REI] [REIPlugin START] Reloading Section: "end-reload/EntryTypeRegistryImpl/"
[21:07:00] [main/TRACE] [REI] [REIPlugin START] Reloading Section: "end-reload/EntryTypeRegistryImpl/" done in 12.70 μs
[21:07:00] [main/TRACE] [REI] [REIPlugin START] Reloading Section: "end-reload/EntrySettingsAdapterRegistryImpl/"
[21:07:00] [main/TRACE] [REI] [REIPlugin START] Reloading Section: "end-reload/EntrySettingsAdapterRegistryImpl/" done in 6.672 μs
[21:07:00] [main/TRACE] [REI] [REIPlugin START] Reloading Section: "end-reload/RecipeManagerContextImpl/"
[21:07:00] [main/TRACE] [REI] [REIPlugin START] Reloading Section: "end-reload/RecipeManagerContextImpl/" done in 6.342 μs
[21:07:00] [main/TRACE] [REI] [REIPlugin START] Reloading Section: "end-reload/ItemComparatorRegistryImpl/"
[21:07:00] [main/TRACE] [REI] [REIPlugin START] Reloading Section: "end-reload/ItemComparatorRegistryImpl/" done in 5.841 μs
[21:07:00] [main/TRACE] [REI] [REIPlugin START] Reloading Section: "end-reload/FluidComparatorRegistryImpl/"
[21:07:00] [main/TRACE] [REI] [REIPlugin START] Reloading Section: "end-reload/FluidComparatorRegistryImpl/" done in 6.122 μs
[21:07:00] [main/TRACE] [REI] [REIPlugin START] Reloading Section: "end-reload/DisplaySerializerRegistryImpl/"
[21:07:00] [main/TRACE] [REI] [REIPlugin START] Reloading Section: "end-reload/DisplaySerializerRegistryImpl/" done in 6.101 μs
[21:07:00] [main/TRACE] [REI] [REIPlugin START] Reloading Section: "end-reload/FluidSupportProviderImpl/"
[21:07:00] [main/TRACE] [REI] [REIPlugin START] Reloading Section: "end-reload/FluidSupportProviderImpl/" done in 5.851 μs
[21:07:00] [main/TRACE] [REI] [REIPlugin START] Reloading Section: "end-reload/" done in 1.090 ms
[21:07:00] [main/DEBUG] [REI] ========================================
[21:07:00] [main/DEBUG] [REI] REIPlugin ended main-reload for START in 18.71 ms.
[21:07:00] [main/DEBUG] [REI] ========================================
[21:07:00] [main/INFO] [REI] @@@@@@@@@@@@@@@@@@@@@@@@@@@@@@@@@@@@@@@@
[21:07:00] [main/INFO] [REI] REIServerPlugin starting main-reload for START.
[21:07:00] [main/DEBUG] [REI] Reloadables (2):
[21:07:00] [main/DEBUG] [REI]  - MenuInfoRegistryImpl
[21:07:00] [main/DEBUG] [REI]  - SlotAccessorRegistryImpl
[21:07:00] [main/INFO] [REI] Plugins (3):
[21:07:00] [main/INFO] [REI]  - (-100.00) DefaultPluginImpl of DefaultPluginImpl [roughlyenoughitems]
[21:07:00] [main/INFO] [REI]  - (0.00) AetherREIServerPlugin of AetherREIServerPlugin [aether]
[21:07:00] [main/INFO] [REI]  - (0.00) DefaultRuntimePlugin of DefaultRuntimePlugin [roughlyenoughitems]
[21:07:00] [main/INFO] [REI] @@@@@@@@@@@@@@@@@@@@@@@@@@@@@@@@@@@@@@@@
[21:07:00] [main/TRACE] [REI] [REIServerPlugin START] Reloading Section: "start-reload/"
[21:07:00] [main/TRACE] [REI] [REIServerPlugin START] Reloading Section: "start-reload/MenuInfoRegistryImpl/"
[21:07:00] [main/TRACE] [REI] [REIServerPlugin START] Reloading Section: "start-reload/MenuInfoRegistryImpl/" done in 7.594 μs
[21:07:00] [main/TRACE] [REI] [REIServerPlugin START] Reloading Section: "start-reload/SlotAccessorRegistryImpl/"
[21:07:00] [main/TRACE] [REI] [REIServerPlugin START] Reloading Section: "start-reload/SlotAccessorRegistryImpl/" done in 8.105 μs
[21:07:00] [main/TRACE] [REI] [REIServerPlugin START] Reloading Section: "start-reload/" done in 338.2 μs
[21:07:00] [main/DEBUG] [REI] ========================================
[21:07:00] [main/DEBUG] [REI] REIServerPlugin started main-reload for START.
[21:07:00] [main/DEBUG] [REI] ========================================
[21:07:00] [main/TRACE] [REI] [REIServerPlugin START] Reloading Section: "reloadable-plugin/MenuInfoRegistryImpl/"
[21:07:00] [main/TRACE] [REI] [REIServerPlugin START] Reloading Section: "reloadable-plugin/MenuInfoRegistryImpl/DefaultPluginImpl of DefaultPluginImpl [roughlyenoughitems]/"
[21:07:00] [main/TRACE] [REI] [REIServerPlugin START] Reloading Section: "reloadable-plugin/MenuInfoRegistryImpl/DefaultPluginImpl of DefaultPluginImpl [roughlyenoughitems]/" done in 10.91 μs
[21:07:00] [main/TRACE] [REI] [REIServerPlugin START] Reloading Section: "reloadable-plugin/MenuInfoRegistryImpl/AetherREIServerPlugin of AetherREIServerPlugin [aether]/"
[21:07:00] [main/TRACE] [REI] [REIServerPlugin START] Reloading Section: "reloadable-plugin/MenuInfoRegistryImpl/AetherREIServerPlugin of AetherREIServerPlugin [aether]/" done in 11.42 μs
[21:07:00] [main/TRACE] [REI] [REIServerPlugin START] Reloading Section: "reloadable-plugin/MenuInfoRegistryImpl/DefaultRuntimePlugin of DefaultRuntimePlugin [roughlyenoughitems]/"
[21:07:00] [main/TRACE] [REI] [REIServerPlugin START] Reloading Section: "reloadable-plugin/MenuInfoRegistryImpl/DefaultRuntimePlugin of DefaultRuntimePlugin [roughlyenoughitems]/" done in 11.05 μs
[21:07:00] [main/TRACE] [REI] [REIServerPlugin START] Reloading Section: "reloadable-plugin/MenuInfoRegistryImpl/" done in 549.9 μs
[21:07:00] [main/TRACE] [REI] [REIServerPlugin START] Reloading Section: "reloadable-plugin/SlotAccessorRegistryImpl/"
[21:07:00] [main/TRACE] [REI] [REIServerPlugin START] Reloading Section: "reloadable-plugin/SlotAccessorRegistryImpl/DefaultPluginImpl of DefaultPluginImpl [roughlyenoughitems]/"
[21:07:00] [main/TRACE] [REI] [REIServerPlugin START] Reloading Section: "reloadable-plugin/SlotAccessorRegistryImpl/DefaultPluginImpl of DefaultPluginImpl [roughlyenoughitems]/" done in 9.848 μs
[21:07:00] [main/TRACE] [REI] [REIServerPlugin START] Reloading Section: "reloadable-plugin/SlotAccessorRegistryImpl/AetherREIServerPlugin of AetherREIServerPlugin [aether]/"
[21:07:00] [main/TRACE] [REI] [REIServerPlugin START] Reloading Section: "reloadable-plugin/SlotAccessorRegistryImpl/AetherREIServerPlugin of AetherREIServerPlugin [aether]/" done in 10.35 μs
[21:07:00] [main/TRACE] [REI] [REIServerPlugin START] Reloading Section: "reloadable-plugin/SlotAccessorRegistryImpl/DefaultRuntimePlugin of DefaultRuntimePlugin [roughlyenoughitems]/"
[21:07:00] [main/TRACE] [REI] [REIServerPlugin START] Reloading Section: "reloadable-plugin/SlotAccessorRegistryImpl/DefaultRuntimePlugin of DefaultRuntimePlugin [roughlyenoughitems]/" done in 11.47 μs
[21:07:00] [main/TRACE] [REI] [REIServerPlugin START] Reloading Section: "reloadable-plugin/SlotAccessorRegistryImpl/" done in 522.9 μs
[21:07:00] [main/DEBUG] [REI] ========================================
[21:07:00] [main/DEBUG] [REI] REIServerPlugin ending main-reload for START.
[21:07:00] [main/DEBUG] [REI] ========================================
[21:07:00] [main/TRACE] [REI] [REIServerPlugin START] Reloading Section: "end-reload/"
[21:07:00] [main/TRACE] [REI] [REIServerPlugin START] Reloading Section: "end-reload/MenuInfoRegistryImpl/"
[21:07:00] [main/TRACE] [REI] [REIServerPlugin START] Reloading Section: "end-reload/MenuInfoRegistryImpl/" done in 8.035 μs
[21:07:00] [main/TRACE] [REI] [REIServerPlugin START] Reloading Section: "end-reload/SlotAccessorRegistryImpl/"
[21:07:00] [main/TRACE] [REI] [REIServerPlugin START] Reloading Section: "end-reload/SlotAccessorRegistryImpl/" done in 7.043 μs
[21:07:00] [main/TRACE] [REI] [REIServerPlugin START] Reloading Section: "end-reload/" done in 295.7 μs
[21:07:00] [main/DEBUG] [REI] ========================================
[21:07:00] [main/DEBUG] [REI] REIServerPlugin ended main-reload for START in 4.456 ms.
[21:07:00] [main/DEBUG] [REI] ========================================
[21:07:00] [main/DEBUG] [REI] ========================================
[21:07:00] [main/DEBUG] [REI] REIPlugin starting post-reload for START.
[21:07:00] [main/DEBUG] [REI] Reloadables (7):
[21:07:00] [main/DEBUG] [REI]  - EntryTypeRegistryImpl
[21:07:00] [main/DEBUG] [REI]  - EntrySettingsAdapterRegistryImpl
[21:07:00] [main/DEBUG] [REI]  - RecipeManagerContextImpl
[21:07:00] [main/DEBUG] [REI]  - ItemComparatorRegistryImpl
[21:07:00] [main/DEBUG] [REI]  - FluidComparatorRegistryImpl
[21:07:00] [main/DEBUG] [REI]  - DisplaySerializerRegistryImpl
[21:07:00] [main/DEBUG] [REI]  - FluidSupportProviderImpl
[21:07:00] [main/DEBUG] [REI] Plugins (3):
[21:07:00] [main/DEBUG] [REI]  - (-100.00) DefaultPluginImpl of DefaultPluginImpl [roughlyenoughitems]
[21:07:00] [main/DEBUG] [REI]  - (0.00) DefaultRuntimePlugin of DefaultRuntimePlugin [roughlyenoughitems]
[21:07:00] [main/DEBUG] [REI]  - (0.00) AetherREIServerPlugin of AetherREIServerPlugin [aether]
[21:07:00] [main/DEBUG] [REI] ========================================
[21:07:00] [main/TRACE] [REI] [REIPlugin START] Reloading Section: "post-register/"
[21:07:00] [main/TRACE] [REI] [REIPlugin START] Reloading Section: "post-register/DefaultPluginImpl of DefaultPluginImpl [roughlyenoughitems]/"
[21:07:00] [main/TRACE] [REI] [REIPlugin START] Reloading Section: "post-register/DefaultPluginImpl of DefaultPluginImpl [roughlyenoughitems]/" done in 123.4 μs
[21:07:00] [main/TRACE] [REI] [REIPlugin START] Reloading Section: "post-register/DefaultRuntimePlugin of DefaultRuntimePlugin [roughlyenoughitems]/"
[21:07:00] [main/TRACE] [REI] [REIPlugin START] Reloading Section: "post-register/DefaultRuntimePlugin of DefaultRuntimePlugin [roughlyenoughitems]/" done in 9.738 μs
[21:07:00] [main/TRACE] [REI] [REIPlugin START] Reloading Section: "post-register/AetherREIServerPlugin of AetherREIServerPlugin [aether]/"
[21:07:00] [main/TRACE] [REI] [REIPlugin START] Reloading Section: "post-register/AetherREIServerPlugin of AetherREIServerPlugin [aether]/" done in 7.614 μs
[21:07:00] [main/TRACE] [REI] [REIPlugin START] Reloading Section: "post-register/" done in 768.0 μs
[21:07:00] [main/TRACE] [REI] [REIPlugin START] Reloading Section: "post-stage/"
[21:07:00] [main/TRACE] [REI] [REIPlugin START] Reloading Section: "post-stage/EntryTypeRegistryImpl/"
[21:07:00] [main/TRACE] [REI] [REIPlugin START] Reloading Section: "post-stage/EntryTypeRegistryImpl/" done in 11.65 μs
[21:07:00] [main/TRACE] [REI] [REIPlugin START] Reloading Section: "post-stage/EntrySettingsAdapterRegistryImpl/"
[21:07:00] [main/TRACE] [REI] [REIPlugin START] Reloading Section: "post-stage/EntrySettingsAdapterRegistryImpl/" done in 6.211 μs
[21:07:00] [main/TRACE] [REI] [REIPlugin START] Reloading Section: "post-stage/RecipeManagerContextImpl/"
[21:07:00] [main/TRACE] [REI] [REIPlugin START] Reloading Section: "post-stage/RecipeManagerContextImpl/" done in 6.232 μs
[21:07:00] [main/TRACE] [REI] [REIPlugin START] Reloading Section: "post-stage/ItemComparatorRegistryImpl/"
[21:07:00] [main/TRACE] [REI] [REIPlugin START] Reloading Section: "post-stage/ItemComparatorRegistryImpl/" done in 5.300 μs
[21:07:00] [main/TRACE] [REI] [REIPlugin START] Reloading Section: "post-stage/FluidComparatorRegistryImpl/"
[21:07:00] [main/TRACE] [REI] [REIPlugin START] Reloading Section: "post-stage/FluidComparatorRegistryImpl/" done in 6.132 μs
[21:07:00] [main/TRACE] [REI] [REIPlugin START] Reloading Section: "post-stage/DisplaySerializerRegistryImpl/"
[21:07:00] [main/TRACE] [REI] [REIPlugin START] Reloading Section: "post-stage/DisplaySerializerRegistryImpl/" done in 5.961 μs
[21:07:00] [main/TRACE] [REI] [REIPlugin START] Reloading Section: "post-stage/FluidSupportProviderImpl/"
[21:07:00] [main/TRACE] [REI] [REIPlugin START] Reloading Section: "post-stage/FluidSupportProviderImpl/" done in 5.610 μs
[21:07:00] [main/TRACE] [REI] [REIPlugin START] Reloading Section: "post-stage/" done in 1.769 ms
[21:07:00] [main/DEBUG] [REI] ========================================
[21:07:00] [main/INFO] [REI] REIPlugin finished post-reload for START in 3.076 ms, totaling 33.48 ms.
[21:07:00] [main/DEBUG] [REI] ========================================
[21:07:00] [main/DEBUG] [REI] ========================================
[21:07:00] [main/DEBUG] [REI] REIServerPlugin starting post-reload for START.
[21:07:00] [main/DEBUG] [REI] Reloadables (2):
[21:07:00] [main/DEBUG] [REI]  - MenuInfoRegistryImpl
[21:07:00] [main/DEBUG] [REI]  - SlotAccessorRegistryImpl
[21:07:00] [main/DEBUG] [REI] Plugins (3):
[21:07:00] [main/DEBUG] [REI]  - (-100.00) DefaultPluginImpl of DefaultPluginImpl [roughlyenoughitems]
[21:07:00] [main/DEBUG] [REI]  - (0.00) AetherREIServerPlugin of AetherREIServerPlugin [aether]
[21:07:00] [main/DEBUG] [REI]  - (0.00) DefaultRuntimePlugin of DefaultRuntimePlugin [roughlyenoughitems]
[21:07:00] [main/DEBUG] [REI] ========================================
[21:07:00] [main/TRACE] [REI] [REIServerPlugin START] Reloading Section: "post-register/"
[21:07:00] [main/TRACE] [REI] [REIServerPlugin START] Reloading Section: "post-register/DefaultPluginImpl of DefaultPluginImpl [roughlyenoughitems]/"
[21:07:00] [main/TRACE] [REI] [REIServerPlugin START] Reloading Section: "post-register/DefaultPluginImpl of DefaultPluginImpl [roughlyenoughitems]/" done in 9.768 μs
[21:07:00] [main/TRACE] [REI] [REIServerPlugin START] Reloading Section: "post-register/AetherREIServerPlugin of AetherREIServerPlugin [aether]/"
[21:07:00] [main/TRACE] [REI] [REIServerPlugin START] Reloading Section: "post-register/AetherREIServerPlugin of AetherREIServerPlugin [aether]/" done in 11.10 μs
[21:07:00] [main/TRACE] [REI] [REIServerPlugin START] Reloading Section: "post-register/DefaultRuntimePlugin of DefaultRuntimePlugin [roughlyenoughitems]/"
[21:07:00] [main/TRACE] [REI] [REIServerPlugin START] Reloading Section: "post-register/DefaultRuntimePlugin of DefaultRuntimePlugin [roughlyenoughitems]/" done in 8.766 μs
[21:07:00] [main/TRACE] [REI] [REIServerPlugin START] Reloading Section: "post-register/" done in 508.7 μs
[21:07:00] [main/TRACE] [REI] [REIServerPlugin START] Reloading Section: "post-stage/"
[21:07:00] [main/TRACE] [REI] [REIServerPlugin START] Reloading Section: "post-stage/MenuInfoRegistryImpl/"
[21:07:00] [main/TRACE] [REI] [REIServerPlugin START] Reloading Section: "post-stage/MenuInfoRegistryImpl/" done in 6.602 μs
[21:07:00] [main/TRACE] [REI] [REIServerPlugin START] Reloading Section: "post-stage/SlotAccessorRegistryImpl/"
[21:07:00] [main/TRACE] [REI] [REIServerPlugin START] Reloading Section: "post-stage/SlotAccessorRegistryImpl/" done in 5.781 μs
[21:07:00] [main/TRACE] [REI] [REIServerPlugin START] Reloading Section: "post-stage/" done in 330.9 μs
[21:07:00] [main/DEBUG] [REI] ========================================
[21:07:00] [main/INFO] [REI] REIServerPlugin finished post-reload for START in 1.109 ms, totaling 6.582 ms.
[21:07:00] [main/DEBUG] [REI] ========================================
[21:07:00] [main/DEBUG] [REI] ========================================
[21:07:00] [main/DEBUG] [REI] REIPlugin starting pre-reload for END.
[21:07:00] [main/DEBUG] [REI] Reloadables (7):
[21:07:00] [main/DEBUG] [REI]  - EntryTypeRegistryImpl
[21:07:00] [main/DEBUG] [REI]  - EntrySettingsAdapterRegistryImpl
[21:07:00] [main/DEBUG] [REI]  - RecipeManagerContextImpl
[21:07:00] [main/DEBUG] [REI]  - ItemComparatorRegistryImpl
[21:07:00] [main/DEBUG] [REI]  - FluidComparatorRegistryImpl
[21:07:00] [main/DEBUG] [REI]  - DisplaySerializerRegistryImpl
[21:07:00] [main/DEBUG] [REI]  - FluidSupportProviderImpl
[21:07:00] [main/DEBUG] [REI] Plugins (3):
[21:07:00] [main/DEBUG] [REI]  - (-100.00) DefaultPluginImpl of DefaultPluginImpl [roughlyenoughitems]
[21:07:00] [main/DEBUG] [REI]  - (0.00) DefaultRuntimePlugin of DefaultRuntimePlugin [roughlyenoughitems]
[21:07:00] [main/DEBUG] [REI]  - (0.00) AetherREIServerPlugin of AetherREIServerPlugin [aether]
[21:07:00] [main/DEBUG] [REI] ========================================
[21:07:00] [main/TRACE] [REI] [REIPlugin END] Reloading Section: "pre-register/"
[21:07:00] [main/TRACE] [REI] [REIPlugin END] Reloading Section: "pre-register/DefaultPluginImpl of DefaultPluginImpl [roughlyenoughitems]/"
[21:07:00] [main/TRACE] [REI] [REIPlugin END] Reloading Section: "pre-register/DefaultPluginImpl of DefaultPluginImpl [roughlyenoughitems]/" done in 9.278 μs
[21:07:00] [main/TRACE] [REI] [REIPlugin END] Reloading Section: "pre-register/DefaultRuntimePlugin of DefaultRuntimePlugin [roughlyenoughitems]/"
[21:07:00] [main/TRACE] [REI] [REIPlugin END] Reloading Section: "pre-register/DefaultRuntimePlugin of DefaultRuntimePlugin [roughlyenoughitems]/" done in 7.404 μs
[21:07:00] [main/TRACE] [REI] [REIPlugin END] Reloading Section: "pre-register/AetherREIServerPlugin of AetherREIServerPlugin [aether]/"
[21:07:00] [main/TRACE] [REI] [REIPlugin END] Reloading Section: "pre-register/AetherREIServerPlugin of AetherREIServerPlugin [aether]/" done in 7.203 μs
[21:07:00] [main/TRACE] [REI] [REIPlugin END] Reloading Section: "pre-register/" done in 379.5 μs
[21:07:00] [main/TRACE] [REI] [REIPlugin END] Reloading Section: "pre-stage/"
[21:07:00] [main/TRACE] [REI] [REIPlugin END] Reloading Section: "pre-stage/EntryTypeRegistryImpl/"
[21:07:00] [main/TRACE] [REI] [REIPlugin END] Reloading Section: "pre-stage/EntryTypeRegistryImpl/" done in 6.342 μs
[21:07:00] [main/TRACE] [REI] [REIPlugin END] Reloading Section: "pre-stage/EntrySettingsAdapterRegistryImpl/"
[21:07:00] [main/TRACE] [REI] [REIPlugin END] Reloading Section: "pre-stage/EntrySettingsAdapterRegistryImpl/" done in 6.702 μs
[21:07:00] [main/TRACE] [REI] [REIPlugin END] Reloading Section: "pre-stage/RecipeManagerContextImpl/"
[21:07:00] [main/TRACE] [REI] [REIPlugin END] Reloading Section: "pre-stage/RecipeManagerContextImpl/" done in 6.402 μs
[21:07:00] [main/TRACE] [REI] [REIPlugin END] Reloading Section: "pre-stage/ItemComparatorRegistryImpl/"
[21:07:00] [main/TRACE] [REI] [REIPlugin END] Reloading Section: "pre-stage/ItemComparatorRegistryImpl/" done in 5.621 μs
[21:07:00] [main/TRACE] [REI] [REIPlugin END] Reloading Section: "pre-stage/FluidComparatorRegistryImpl/"
[21:07:00] [main/TRACE] [REI] [REIPlugin END] Reloading Section: "pre-stage/FluidComparatorRegistryImpl/" done in 5.149 μs
[21:07:00] [main/TRACE] [REI] [REIPlugin END] Reloading Section: "pre-stage/DisplaySerializerRegistryImpl/"
[21:07:00] [main/TRACE] [REI] [REIPlugin END] Reloading Section: "pre-stage/DisplaySerializerRegistryImpl/" done in 5.700 μs
[21:07:00] [main/TRACE] [REI] [REIPlugin END] Reloading Section: "pre-stage/FluidSupportProviderImpl/"
[21:07:00] [main/TRACE] [REI] [REIPlugin END] Reloading Section: "pre-stage/FluidSupportProviderImpl/" done in 6.152 μs
[21:07:00] [main/TRACE] [REI] [REIPlugin END] Reloading Section: "pre-stage/" done in 914.9 μs
[21:07:00] [main/DEBUG] [REI] ========================================
[21:07:00] [main/DEBUG] [REI] REIPlugin finished pre-reload for END in 1.541 ms.
[21:07:00] [main/DEBUG] [REI] ========================================
[21:07:00] [main/DEBUG] [REI] ========================================
[21:07:00] [main/DEBUG] [REI] REIServerPlugin starting pre-reload for END.
[21:07:00] [main/DEBUG] [REI] Reloadables (2):
[21:07:00] [main/DEBUG] [REI]  - MenuInfoRegistryImpl
[21:07:00] [main/DEBUG] [REI]  - SlotAccessorRegistryImpl
[21:07:00] [main/DEBUG] [REI] Plugins (3):
[21:07:00] [main/DEBUG] [REI]  - (-100.00) DefaultPluginImpl of DefaultPluginImpl [roughlyenoughitems]
[21:07:00] [main/DEBUG] [REI]  - (0.00) AetherREIServerPlugin of AetherREIServerPlugin [aether]
[21:07:00] [main/DEBUG] [REI]  - (0.00) DefaultRuntimePlugin of DefaultRuntimePlugin [roughlyenoughitems]
[21:07:00] [main/DEBUG] [REI] ========================================
[21:07:00] [main/TRACE] [REI] [REIServerPlugin END] Reloading Section: "pre-register/"
[21:07:00] [main/TRACE] [REI] [REIServerPlugin END] Reloading Section: "pre-register/DefaultPluginImpl of DefaultPluginImpl [roughlyenoughitems]/"
[21:07:00] [main/TRACE] [REI] [REIServerPlugin END] Reloading Section: "pre-register/DefaultPluginImpl of DefaultPluginImpl [roughlyenoughitems]/" done in 8.786 μs
[21:07:00] [main/TRACE] [REI] [REIServerPlugin END] Reloading Section: "pre-register/AetherREIServerPlugin of AetherREIServerPlugin [aether]/"
[21:07:00] [main/TRACE] [REI] [REIServerPlugin END] Reloading Section: "pre-register/AetherREIServerPlugin of AetherREIServerPlugin [aether]/" done in 8.366 μs
[21:07:00] [main/TRACE] [REI] [REIServerPlugin END] Reloading Section: "pre-register/DefaultRuntimePlugin of DefaultRuntimePlugin [roughlyenoughitems]/"
[21:07:00] [main/TRACE] [REI] [REIServerPlugin END] Reloading Section: "pre-register/DefaultRuntimePlugin of DefaultRuntimePlugin [roughlyenoughitems]/" done in 7.313 μs
[21:07:00] [main/TRACE] [REI] [REIServerPlugin END] Reloading Section: "pre-register/" done in 424.0 μs
[21:07:00] [main/TRACE] [REI] [REIServerPlugin END] Reloading Section: "pre-stage/"
[21:07:00] [main/TRACE] [REI] [REIServerPlugin END] Reloading Section: "pre-stage/MenuInfoRegistryImpl/"
[21:07:00] [main/TRACE] [REI] [REIServerPlugin END] Reloading Section: "pre-stage/MenuInfoRegistryImpl/" done in 6.843 μs
[21:07:00] [main/TRACE] [REI] [REIServerPlugin END] Reloading Section: "pre-stage/SlotAccessorRegistryImpl/"
[21:07:00] [main/TRACE] [REI] [REIServerPlugin END] Reloading Section: "pre-stage/SlotAccessorRegistryImpl/" done in 6.041 μs
[21:07:00] [main/TRACE] [REI] [REIServerPlugin END] Reloading Section: "pre-stage/" done in 240.2 μs
[21:07:00] [main/DEBUG] [REI] ========================================
[21:07:00] [main/DEBUG] [REI] REIServerPlugin finished pre-reload for END in 895.2 μs.
[21:07:00] [main/DEBUG] [REI] ========================================
[21:07:00] [main/INFO] [REI] OOOOOOOOOOOOOOOOOOOOOOOOOOOOOOOOOOOOOOOO
[21:07:00] [main/INFO] [REI] REIPlugin starting main-reload for END.
[21:07:00] [main/DEBUG] [REI] Reloadables (7):
[21:07:00] [main/DEBUG] [REI]  - EntryTypeRegistryImpl
[21:07:00] [main/DEBUG] [REI]  - EntrySettingsAdapterRegistryImpl
[21:07:00] [main/DEBUG] [REI]  - RecipeManagerContextImpl
[21:07:00] [main/DEBUG] [REI]  - ItemComparatorRegistryImpl
[21:07:00] [main/DEBUG] [REI]  - FluidComparatorRegistryImpl
[21:07:00] [main/DEBUG] [REI]  - DisplaySerializerRegistryImpl
[21:07:00] [main/DEBUG] [REI]  - FluidSupportProviderImpl
[21:07:00] [main/INFO] [REI] Plugins (3):
[21:07:00] [main/INFO] [REI]  - (-100.00) DefaultPluginImpl of DefaultPluginImpl [roughlyenoughitems]
[21:07:00] [main/INFO] [REI]  - (0.00) DefaultRuntimePlugin of DefaultRuntimePlugin [roughlyenoughitems]
[21:07:00] [main/INFO] [REI]  - (0.00) AetherREIServerPlugin of AetherREIServerPlugin [aether]
[21:07:00] [main/INFO] [REI] OOOOOOOOOOOOOOOOOOOOOOOOOOOOOOOOOOOOOOOO
[21:07:00] [main/TRACE] [REI] [REIPlugin END] Reloading Section: "start-reload/"
[21:07:00] [main/TRACE] [REI] [REIPlugin END] Reloading Section: "start-reload/EntryTypeRegistryImpl/"
[21:07:00] [main/TRACE] [REI] [REIPlugin END] Reloading Section: "start-reload/EntryTypeRegistryImpl/" done in 7.254 μs
[21:07:00] [main/TRACE] [REI] [REIPlugin END] Reloading Section: "start-reload/EntrySettingsAdapterRegistryImpl/"
[21:07:00] [main/TRACE] [REI] [REIPlugin END] Reloading Section: "start-reload/EntrySettingsAdapterRegistryImpl/" done in 15.16 μs
[21:07:00] [main/TRACE] [REI] [REIPlugin END] Reloading Section: "start-reload/RecipeManagerContextImpl/"
[21:07:00] [main/TRACE] [REI] [REIPlugin END] Reloading Section: "start-reload/RecipeManagerContextImpl/" done in 7.424 μs
[21:07:00] [main/TRACE] [REI] [REIPlugin END] Reloading Section: "start-reload/ItemComparatorRegistryImpl/"
[21:07:00] [main/TRACE] [REI] [REIPlugin END] Reloading Section: "start-reload/ItemComparatorRegistryImpl/" done in 5.911 μs
[21:07:00] [main/TRACE] [REI] [REIPlugin END] Reloading Section: "start-reload/FluidComparatorRegistryImpl/"
[21:07:00] [main/TRACE] [REI] [REIPlugin END] Reloading Section: "start-reload/FluidComparatorRegistryImpl/" done in 5.540 μs
[21:07:00] [main/TRACE] [REI] [REIPlugin END] Reloading Section: "start-reload/DisplaySerializerRegistryImpl/"
[21:07:00] [main/TRACE] [REI] [REIPlugin END] Reloading Section: "start-reload/DisplaySerializerRegistryImpl/" done in 13.29 μs
[21:07:00] [main/TRACE] [REI] [REIPlugin END] Reloading Section: "start-reload/FluidSupportProviderImpl/"
[21:07:00] [main/TRACE] [REI] [REIPlugin END] Reloading Section: "start-reload/FluidSupportProviderImpl/" done in 5.740 μs
[21:07:00] [main/TRACE] [REI] [REIPlugin END] Reloading Section: "start-reload/" done in 863.8 μs
[21:07:00] [main/DEBUG] [REI] ========================================
[21:07:00] [main/DEBUG] [REI] REIPlugin started main-reload for END.
[21:07:00] [main/DEBUG] [REI] ========================================
[21:07:00] [main/TRACE] [REI] [REIPlugin END] Reloading Section: "reloadable-plugin/EntryTypeRegistryImpl/"
[21:07:00] [main/TRACE] [REI] [REIPlugin END] Reloading Section: "reloadable-plugin/EntryTypeRegistryImpl/DefaultPluginImpl of DefaultPluginImpl [roughlyenoughitems]/"
[21:07:00] [main/TRACE] [REI] [REIPlugin END] Reloading Section: "reloadable-plugin/EntryTypeRegistryImpl/DefaultPluginImpl of DefaultPluginImpl [roughlyenoughitems]/" done in 12.02 μs
[21:07:00] [main/TRACE] [REI] [REIPlugin END] Reloading Section: "reloadable-plugin/EntryTypeRegistryImpl/DefaultRuntimePlugin of DefaultRuntimePlugin [roughlyenoughitems]/"
[21:07:00] [main/TRACE] [REI] [REIPlugin END] Reloading Section: "reloadable-plugin/EntryTypeRegistryImpl/DefaultRuntimePlugin of DefaultRuntimePlugin [roughlyenoughitems]/" done in 11.45 μs
[21:07:00] [main/TRACE] [REI] [REIPlugin END] Reloading Section: "reloadable-plugin/EntryTypeRegistryImpl/AetherREIServerPlugin of AetherREIServerPlugin [aether]/"
[21:07:00] [main/TRACE] [REI] [REIPlugin END] Reloading Section: "reloadable-plugin/EntryTypeRegistryImpl/AetherREIServerPlugin of AetherREIServerPlugin [aether]/" done in 13.36 μs
[21:07:00] [main/TRACE] [REI] [REIPlugin END] Reloading Section: "reloadable-plugin/EntryTypeRegistryImpl/" done in 450.0 μs
[21:07:00] [main/TRACE] [REI] [REIPlugin END] Reloading Section: "reloadable-plugin/EntrySettingsAdapterRegistryImpl/"
[21:07:00] [main/TRACE] [REI] [REIPlugin END] Reloading Section: "reloadable-plugin/EntrySettingsAdapterRegistryImpl/DefaultPluginImpl of DefaultPluginImpl [roughlyenoughitems]/"
[21:07:00] [main/TRACE] [REI] [REIPlugin END] Reloading Section: "reloadable-plugin/EntrySettingsAdapterRegistryImpl/DefaultPluginImpl of DefaultPluginImpl [roughlyenoughitems]/" done in 132.2 μs
[21:07:00] [main/TRACE] [REI] [REIPlugin END] Reloading Section: "reloadable-plugin/EntrySettingsAdapterRegistryImpl/DefaultRuntimePlugin of DefaultRuntimePlugin [roughlyenoughitems]/"
[21:07:00] [main/TRACE] [REI] [REIPlugin END] Reloading Section: "reloadable-plugin/EntrySettingsAdapterRegistryImpl/DefaultRuntimePlugin of DefaultRuntimePlugin [roughlyenoughitems]/" done in 14.65 μs
[21:07:00] [main/TRACE] [REI] [REIPlugin END] Reloading Section: "reloadable-plugin/EntrySettingsAdapterRegistryImpl/AetherREIServerPlugin of AetherREIServerPlugin [aether]/"
[21:07:00] [main/TRACE] [REI] [REIPlugin END] Reloading Section: "reloadable-plugin/EntrySettingsAdapterRegistryImpl/AetherREIServerPlugin of AetherREIServerPlugin [aether]/" done in 11.56 μs
[21:07:00] [main/TRACE] [REI] [REIPlugin END] Reloading Section: "reloadable-plugin/EntrySettingsAdapterRegistryImpl/" done in 1.600 ms
[21:07:00] [main/TRACE] [REI] [REIPlugin END] Reloading Section: "reloadable-plugin/RecipeManagerContextImpl/"
[21:07:00] [main/TRACE] [REI] [REIPlugin END] Reloading Section: "reloadable-plugin/RecipeManagerContextImpl/DefaultPluginImpl of DefaultPluginImpl [roughlyenoughitems]/"
[21:07:00] [main/TRACE] [REI] [REIPlugin END] Reloading Section: "reloadable-plugin/RecipeManagerContextImpl/DefaultPluginImpl of DefaultPluginImpl [roughlyenoughitems]/" done in 12.43 μs
[21:07:00] [main/TRACE] [REI] [REIPlugin END] Reloading Section: "reloadable-plugin/RecipeManagerContextImpl/DefaultRuntimePlugin of DefaultRuntimePlugin [roughlyenoughitems]/"
[21:07:00] [main/TRACE] [REI] [REIPlugin END] Reloading Section: "reloadable-plugin/RecipeManagerContextImpl/DefaultRuntimePlugin of DefaultRuntimePlugin [roughlyenoughitems]/" done in 14.51 μs
[21:07:00] [main/TRACE] [REI] [REIPlugin END] Reloading Section: "reloadable-plugin/RecipeManagerContextImpl/AetherREIServerPlugin of AetherREIServerPlugin [aether]/"
[21:07:00] [main/TRACE] [REI] [REIPlugin END] Reloading Section: "reloadable-plugin/RecipeManagerContextImpl/AetherREIServerPlugin of AetherREIServerPlugin [aether]/" done in 10.44 μs
[21:07:00] [main/TRACE] [REI] [REIPlugin END] Reloading Section: "reloadable-plugin/RecipeManagerContextImpl/" done in 354.7 μs
[21:07:00] [main/TRACE] [REI] [REIPlugin END] Reloading Section: "reloadable-plugin/ItemComparatorRegistryImpl/"
[21:07:00] [main/TRACE] [REI] [REIPlugin END] Reloading Section: "reloadable-plugin/ItemComparatorRegistryImpl/DefaultPluginImpl of DefaultPluginImpl [roughlyenoughitems]/"
[21:07:00] [main/TRACE] [REI] [REIPlugin END] Reloading Section: "reloadable-plugin/ItemComparatorRegistryImpl/DefaultPluginImpl of DefaultPluginImpl [roughlyenoughitems]/" done in 10.40 μs
[21:07:00] [main/TRACE] [REI] [REIPlugin END] Reloading Section: "reloadable-plugin/ItemComparatorRegistryImpl/DefaultRuntimePlugin of DefaultRuntimePlugin [roughlyenoughitems]/"
[21:07:00] [main/TRACE] [REI] [REIPlugin END] Reloading Section: "reloadable-plugin/ItemComparatorRegistryImpl/DefaultRuntimePlugin of DefaultRuntimePlugin [roughlyenoughitems]/" done in 10.43 μs
[21:07:00] [main/TRACE] [REI] [REIPlugin END] Reloading Section: "reloadable-plugin/ItemComparatorRegistryImpl/AetherREIServerPlugin of AetherREIServerPlugin [aether]/"
[21:07:00] [main/TRACE] [REI] [REIPlugin END] Reloading Section: "reloadable-plugin/ItemComparatorRegistryImpl/AetherREIServerPlugin of AetherREIServerPlugin [aether]/" done in 10.36 μs
[21:07:00] [main/TRACE] [REI] [REIPlugin END] Reloading Section: "reloadable-plugin/ItemComparatorRegistryImpl/" done in 357.8 μs
[21:07:00] [main/TRACE] [REI] [REIPlugin END] Reloading Section: "reloadable-plugin/FluidComparatorRegistryImpl/"
[21:07:00] [main/TRACE] [REI] [REIPlugin END] Reloading Section: "reloadable-plugin/FluidComparatorRegistryImpl/DefaultPluginImpl of DefaultPluginImpl [roughlyenoughitems]/"
[21:07:00] [main/TRACE] [REI] [REIPlugin END] Reloading Section: "reloadable-plugin/FluidComparatorRegistryImpl/DefaultPluginImpl of DefaultPluginImpl [roughlyenoughitems]/" done in 9.638 μs
[21:07:00] [main/TRACE] [REI] [REIPlugin END] Reloading Section: "reloadable-plugin/FluidComparatorRegistryImpl/DefaultRuntimePlugin of DefaultRuntimePlugin [roughlyenoughitems]/"
[21:07:00] [main/TRACE] [REI] [REIPlugin END] Reloading Section: "reloadable-plugin/FluidComparatorRegistryImpl/DefaultRuntimePlugin of DefaultRuntimePlugin [roughlyenoughitems]/" done in 13.85 μs
[21:07:00] [main/TRACE] [REI] [REIPlugin END] Reloading Section: "reloadable-plugin/FluidComparatorRegistryImpl/AetherREIServerPlugin of AetherREIServerPlugin [aether]/"
[21:07:00] [main/TRACE] [REI] [REIPlugin END] Reloading Section: "reloadable-plugin/FluidComparatorRegistryImpl/AetherREIServerPlugin of AetherREIServerPlugin [aether]/" done in 10.84 μs
[21:07:00] [main/TRACE] [REI] [REIPlugin END] Reloading Section: "reloadable-plugin/FluidComparatorRegistryImpl/" done in 348.4 μs
[21:07:00] [main/TRACE] [REI] [REIPlugin END] Reloading Section: "reloadable-plugin/DisplaySerializerRegistryImpl/"
[21:07:00] [main/TRACE] [REI] [REIPlugin END] Reloading Section: "reloadable-plugin/DisplaySerializerRegistryImpl/DefaultPluginImpl of DefaultPluginImpl [roughlyenoughitems]/"
[21:07:00] [main/TRACE] [REI] [REIPlugin END] Reloading Section: "reloadable-plugin/DisplaySerializerRegistryImpl/DefaultPluginImpl of DefaultPluginImpl [roughlyenoughitems]/" done in 16.66 ms
[21:07:00] [main/TRACE] [REI] [REIPlugin END] Reloading Section: "reloadable-plugin/DisplaySerializerRegistryImpl/DefaultRuntimePlugin of DefaultRuntimePlugin [roughlyenoughitems]/"
[21:07:00] [main/TRACE] [REI] [REIPlugin END] Reloading Section: "reloadable-plugin/DisplaySerializerRegistryImpl/DefaultRuntimePlugin of DefaultRuntimePlugin [roughlyenoughitems]/" done in 14.56 μs
[21:07:00] [main/TRACE] [REI] [REIPlugin END] Reloading Section: "reloadable-plugin/DisplaySerializerRegistryImpl/AetherREIServerPlugin of AetherREIServerPlugin [aether]/"
[21:07:00] [main/TRACE] [REI] [REIPlugin END] Reloading Section: "reloadable-plugin/DisplaySerializerRegistryImpl/AetherREIServerPlugin of AetherREIServerPlugin [aether]/" done in 776.6 μs
[21:07:00] [main/TRACE] [REI] [REIPlugin END] Reloading Section: "reloadable-plugin/DisplaySerializerRegistryImpl/" done in 17.91 ms
[21:07:00] [main/TRACE] [REI] [REIPlugin END] Reloading Section: "reloadable-plugin/FluidSupportProviderImpl/"
[21:07:00] [main/TRACE] [REI] [REIPlugin END] Reloading Section: "reloadable-plugin/FluidSupportProviderImpl/DefaultPluginImpl of DefaultPluginImpl [roughlyenoughitems]/"
[21:07:00] [main/TRACE] [REI] [REIPlugin END] Reloading Section: "reloadable-plugin/FluidSupportProviderImpl/DefaultPluginImpl of DefaultPluginImpl [roughlyenoughitems]/" done in 10.69 μs
[21:07:00] [main/TRACE] [REI] [REIPlugin END] Reloading Section: "reloadable-plugin/FluidSupportProviderImpl/DefaultRuntimePlugin of DefaultRuntimePlugin [roughlyenoughitems]/"
[21:07:00] [main/TRACE] [REI] [REIPlugin END] Reloading Section: "reloadable-plugin/FluidSupportProviderImpl/DefaultRuntimePlugin of DefaultRuntimePlugin [roughlyenoughitems]/" done in 25.92 μs
[21:07:00] [main/TRACE] [REI] [REIPlugin END] Reloading Section: "reloadable-plugin/FluidSupportProviderImpl/AetherREIServerPlugin of AetherREIServerPlugin [aether]/"
[21:07:00] [main/TRACE] [REI] [REIPlugin END] Reloading Section: "reloadable-plugin/FluidSupportProviderImpl/AetherREIServerPlugin of AetherREIServerPlugin [aether]/" done in 10.17 μs
[21:07:00] [main/TRACE] [REI] [REIPlugin END] Reloading Section: "reloadable-plugin/FluidSupportProviderImpl/" done in 394.5 μs
[21:07:00] [main/DEBUG] [REI] ========================================
[21:07:00] [main/DEBUG] [REI] REIPlugin ending main-reload for END.
[21:07:00] [main/DEBUG] [REI] ========================================
[21:07:00] [main/TRACE] [REI] [REIPlugin END] Reloading Section: "end-reload/"
[21:07:00] [main/TRACE] [REI] [REIPlugin END] Reloading Section: "end-reload/EntryTypeRegistryImpl/"
[21:07:00] [main/TRACE] [REI] [REIPlugin END] Reloading Section: "end-reload/EntryTypeRegistryImpl/" done in 6.713 μs
[21:07:00] [main/TRACE] [REI] [REIPlugin END] Reloading Section: "end-reload/EntrySettingsAdapterRegistryImpl/"
[21:07:00] [main/TRACE] [REI] [REIPlugin END] Reloading Section: "end-reload/EntrySettingsAdapterRegistryImpl/" done in 5.160 μs
[21:07:00] [main/TRACE] [REI] [REIPlugin END] Reloading Section: "end-reload/RecipeManagerContextImpl/"
[21:07:00] [main/TRACE] [REI] [REIPlugin END] Reloading Section: "end-reload/RecipeManagerContextImpl/" done in 5.200 μs
[21:07:00] [main/TRACE] [REI] [REIPlugin END] Reloading Section: "end-reload/ItemComparatorRegistryImpl/"
[21:07:00] [main/TRACE] [REI] [REIPlugin END] Reloading Section: "end-reload/ItemComparatorRegistryImpl/" done in 6.071 μs
[21:07:00] [main/TRACE] [REI] [REIPlugin END] Reloading Section: "end-reload/FluidComparatorRegistryImpl/"
[21:07:00] [main/TRACE] [REI] [REIPlugin END] Reloading Section: "end-reload/FluidComparatorRegistryImpl/" done in 5.500 μs
[21:07:00] [main/TRACE] [REI] [REIPlugin END] Reloading Section: "end-reload/DisplaySerializerRegistryImpl/"
[21:07:00] [main/TRACE] [REI] [REIPlugin END] Reloading Section: "end-reload/DisplaySerializerRegistryImpl/" done in 5.350 μs
[21:07:00] [main/TRACE] [REI] [REIPlugin END] Reloading Section: "end-reload/FluidSupportProviderImpl/"
[21:07:00] [main/TRACE] [REI] [REIPlugin END] Reloading Section: "end-reload/FluidSupportProviderImpl/" done in 5.120 μs
[21:07:00] [main/TRACE] [REI] [REIPlugin END] Reloading Section: "end-reload/" done in 758.5 μs
[21:07:00] [main/DEBUG] [REI] ========================================
[21:07:00] [main/DEBUG] [REI] REIPlugin ended main-reload for END in 28.27 ms.
[21:07:00] [main/DEBUG] [REI] ========================================
[21:07:00] [main/INFO] [REI] OOOOOOOOOOOOOOOOOOOOOOOOOOOOOOOOOOOOOOOO
[21:07:00] [main/INFO] [REI] REIServerPlugin starting main-reload for END.
[21:07:00] [main/DEBUG] [REI] Reloadables (2):
[21:07:00] [main/DEBUG] [REI]  - MenuInfoRegistryImpl
[21:07:00] [main/DEBUG] [REI]  - SlotAccessorRegistryImpl
[21:07:00] [main/INFO] [REI] Plugins (3):
[21:07:00] [main/INFO] [REI]  - (-100.00) DefaultPluginImpl of DefaultPluginImpl [roughlyenoughitems]
[21:07:00] [main/INFO] [REI]  - (0.00) AetherREIServerPlugin of AetherREIServerPlugin [aether]
[21:07:00] [main/INFO] [REI]  - (0.00) DefaultRuntimePlugin of DefaultRuntimePlugin [roughlyenoughitems]
[21:07:00] [main/INFO] [REI] OOOOOOOOOOOOOOOOOOOOOOOOOOOOOOOOOOOOOOOO
[21:07:00] [main/TRACE] [REI] [REIServerPlugin END] Reloading Section: "start-reload/"
[21:07:00] [main/TRACE] [REI] [REIServerPlugin END] Reloading Section: "start-reload/MenuInfoRegistryImpl/"
[21:07:00] [main/TRACE] [REI] [REIServerPlugin END] Reloading Section: "start-reload/MenuInfoRegistryImpl/" done in 15.76 μs
[21:07:00] [main/TRACE] [REI] [REIServerPlugin END] Reloading Section: "start-reload/SlotAccessorRegistryImpl/"
[21:07:00] [main/TRACE] [REI] [REIServerPlugin END] Reloading Section: "start-reload/SlotAccessorRegistryImpl/" done in 11.32 μs
[21:07:00] [main/TRACE] [REI] [REIServerPlugin END] Reloading Section: "start-reload/" done in 730.2 μs
[21:07:00] [main/DEBUG] [REI] ========================================
[21:07:00] [main/DEBUG] [REI] REIServerPlugin started main-reload for END.
[21:07:00] [main/DEBUG] [REI] ========================================
[21:07:00] [main/TRACE] [REI] [REIServerPlugin END] Reloading Section: "reloadable-plugin/MenuInfoRegistryImpl/"
[21:07:00] [main/TRACE] [REI] [REIServerPlugin END] Reloading Section: "reloadable-plugin/MenuInfoRegistryImpl/DefaultPluginImpl of DefaultPluginImpl [roughlyenoughitems]/"
[21:07:00] [main/TRACE] [REI] [REIServerPlugin END] Reloading Section: "reloadable-plugin/MenuInfoRegistryImpl/DefaultPluginImpl of DefaultPluginImpl [roughlyenoughitems]/" done in 23.11 μs
[21:07:00] [main/TRACE] [REI] [REIServerPlugin END] Reloading Section: "reloadable-plugin/MenuInfoRegistryImpl/AetherREIServerPlugin of AetherREIServerPlugin [aether]/"
[21:07:00] [main/TRACE] [REI] [REIServerPlugin END] Reloading Section: "reloadable-plugin/MenuInfoRegistryImpl/AetherREIServerPlugin of AetherREIServerPlugin [aether]/" done in 11.64 μs
[21:07:00] [main/TRACE] [REI] [REIServerPlugin END] Reloading Section: "reloadable-plugin/MenuInfoRegistryImpl/DefaultRuntimePlugin of DefaultRuntimePlugin [roughlyenoughitems]/"
[21:07:00] [main/TRACE] [REI] [REIServerPlugin END] Reloading Section: "reloadable-plugin/MenuInfoRegistryImpl/DefaultRuntimePlugin of DefaultRuntimePlugin [roughlyenoughitems]/" done in 11.51 μs
[21:07:00] [main/TRACE] [REI] [REIServerPlugin END] Reloading Section: "reloadable-plugin/MenuInfoRegistryImpl/" done in 916.5 μs
[21:07:00] [main/TRACE] [REI] [REIServerPlugin END] Reloading Section: "reloadable-plugin/SlotAccessorRegistryImpl/"
[21:07:00] [main/TRACE] [REI] [REIServerPlugin END] Reloading Section: "reloadable-plugin/SlotAccessorRegistryImpl/DefaultPluginImpl of DefaultPluginImpl [roughlyenoughitems]/"
[21:07:00] [main/TRACE] [REI] [REIServerPlugin END] Reloading Section: "reloadable-plugin/SlotAccessorRegistryImpl/DefaultPluginImpl of DefaultPluginImpl [roughlyenoughitems]/" done in 21.75 μs
[21:07:00] [main/TRACE] [REI] [REIServerPlugin END] Reloading Section: "reloadable-plugin/SlotAccessorRegistryImpl/AetherREIServerPlugin of AetherREIServerPlugin [aether]/"
[21:07:00] [main/TRACE] [REI] [REIServerPlugin END] Reloading Section: "reloadable-plugin/SlotAccessorRegistryImpl/AetherREIServerPlugin of AetherREIServerPlugin [aether]/" done in 12.64 μs
[21:07:00] [main/TRACE] [REI] [REIServerPlugin END] Reloading Section: "reloadable-plugin/SlotAccessorRegistryImpl/DefaultRuntimePlugin of DefaultRuntimePlugin [roughlyenoughitems]/"
[21:07:00] [main/DEBUG] [REI] Added slot accessor serializer: me.shedaniel.rei.plugin.common.runtime.DefaultRuntimePlugin$1@50cc6ee9 [roughlyenoughitems:vanilla]
[21:07:00] [main/DEBUG] [REI] Added slot accessor serializer: me.shedaniel.rei.plugin.common.runtime.DefaultRuntimePlugin$2@28a4975d [roughlyenoughitems:player]
[21:07:00] [main/TRACE] [REI] [REIServerPlugin END] Reloading Section: "reloadable-plugin/SlotAccessorRegistryImpl/DefaultRuntimePlugin of DefaultRuntimePlugin [roughlyenoughitems]/" done in 1.918 ms
[21:07:00] [main/TRACE] [REI] [REIServerPlugin END] Reloading Section: "reloadable-plugin/SlotAccessorRegistryImpl/" done in 2.819 ms
[21:07:00] [main/DEBUG] [REI] ========================================
[21:07:00] [main/DEBUG] [REI] REIServerPlugin ending main-reload for END.
[21:07:00] [main/DEBUG] [REI] ========================================
[21:07:00] [main/TRACE] [REI] [REIServerPlugin END] Reloading Section: "end-reload/"
[21:07:00] [main/TRACE] [REI] [REIServerPlugin END] Reloading Section: "end-reload/MenuInfoRegistryImpl/"
[21:07:00] [main/DEBUG] [REI] Registered 0 menu infos
[21:07:00] [main/TRACE] [REI] [REIServerPlugin END] Reloading Section: "end-reload/MenuInfoRegistryImpl/" done in 302.0 μs
[21:07:00] [main/TRACE] [REI] [REIServerPlugin END] Reloading Section: "end-reload/SlotAccessorRegistryImpl/"
[21:07:00] [main/DEBUG] [REI] Registered 2 slot accessor serializers
[21:07:00] [main/TRACE] [REI] [REIServerPlugin END] Reloading Section: "end-reload/SlotAccessorRegistryImpl/" done in 294.7 μs
[21:07:00] [main/TRACE] [REI] [REIServerPlugin END] Reloading Section: "end-reload/" done in 1.219 ms
[21:07:00] [main/DEBUG] [REI] ========================================
[21:07:00] [main/DEBUG] [REI] REIServerPlugin ended main-reload for END in 10.21 ms.
[21:07:00] [main/DEBUG] [REI] ========================================
[21:07:00] [main/DEBUG] [REI] ========================================
[21:07:00] [main/DEBUG] [REI] REIPlugin starting post-reload for END.
[21:07:00] [main/DEBUG] [REI] Reloadables (7):
[21:07:00] [main/DEBUG] [REI]  - EntryTypeRegistryImpl
[21:07:00] [main/DEBUG] [REI]  - EntrySettingsAdapterRegistryImpl
[21:07:00] [main/DEBUG] [REI]  - RecipeManagerContextImpl
[21:07:00] [main/DEBUG] [REI]  - ItemComparatorRegistryImpl
[21:07:00] [main/DEBUG] [REI]  - FluidComparatorRegistryImpl
[21:07:00] [main/DEBUG] [REI]  - DisplaySerializerRegistryImpl
[21:07:00] [main/DEBUG] [REI]  - FluidSupportProviderImpl
[21:07:00] [main/DEBUG] [REI] Plugins (3):
[21:07:00] [main/DEBUG] [REI]  - (-100.00) DefaultPluginImpl of DefaultPluginImpl [roughlyenoughitems]
[21:07:00] [main/DEBUG] [REI]  - (0.00) DefaultRuntimePlugin of DefaultRuntimePlugin [roughlyenoughitems]
[21:07:00] [main/DEBUG] [REI]  - (0.00) AetherREIServerPlugin of AetherREIServerPlugin [aether]
[21:07:00] [main/DEBUG] [REI] ========================================
[21:07:00] [main/TRACE] [REI] [REIPlugin END] Reloading Section: "post-register/"
[21:07:00] [main/TRACE] [REI] [REIPlugin END] Reloading Section: "post-register/DefaultPluginImpl of DefaultPluginImpl [roughlyenoughitems]/"
[21:07:00] [main/TRACE] [REI] [REIPlugin END] Reloading Section: "post-register/DefaultPluginImpl of DefaultPluginImpl [roughlyenoughitems]/" done in 10.60 μs
[21:07:00] [main/TRACE] [REI] [REIPlugin END] Reloading Section: "post-register/DefaultRuntimePlugin of DefaultRuntimePlugin [roughlyenoughitems]/"
[21:07:00] [main/TRACE] [REI] [REIPlugin END] Reloading Section: "post-register/DefaultRuntimePlugin of DefaultRuntimePlugin [roughlyenoughitems]/" done in 8.185 μs
[21:07:00] [main/TRACE] [REI] [REIPlugin END] Reloading Section: "post-register/AetherREIServerPlugin of AetherREIServerPlugin [aether]/"
[21:07:00] [main/TRACE] [REI] [REIPlugin END] Reloading Section: "post-register/AetherREIServerPlugin of AetherREIServerPlugin [aether]/" done in 8.095 μs
[21:07:00] [main/TRACE] [REI] [REIPlugin END] Reloading Section: "post-register/" done in 853.9 μs
[21:07:00] [main/TRACE] [REI] [REIPlugin END] Reloading Section: "post-stage/"
[21:07:00] [main/TRACE] [REI] [REIPlugin END] Reloading Section: "post-stage/EntryTypeRegistryImpl/"
[21:07:00] [main/TRACE] [REI] [REIPlugin END] Reloading Section: "post-stage/EntryTypeRegistryImpl/" done in 6.322 μs
[21:07:00] [main/TRACE] [REI] [REIPlugin END] Reloading Section: "post-stage/EntrySettingsAdapterRegistryImpl/"
[21:07:00] [main/TRACE] [REI] [REIPlugin END] Reloading Section: "post-stage/EntrySettingsAdapterRegistryImpl/" done in 6.422 μs
[21:07:00] [main/TRACE] [REI] [REIPlugin END] Reloading Section: "post-stage/RecipeManagerContextImpl/"
[21:07:00] [main/TRACE] [REI] [REIPlugin END] Reloading Section: "post-stage/RecipeManagerContextImpl/" done in 6.291 μs
[21:07:00] [main/TRACE] [REI] [REIPlugin END] Reloading Section: "post-stage/ItemComparatorRegistryImpl/"
[21:07:00] [main/TRACE] [REI] [REIPlugin END] Reloading Section: "post-stage/ItemComparatorRegistryImpl/" done in 6.182 μs
[21:07:00] [main/TRACE] [REI] [REIPlugin END] Reloading Section: "post-stage/FluidComparatorRegistryImpl/"
[21:07:00] [main/TRACE] [REI] [REIPlugin END] Reloading Section: "post-stage/FluidComparatorRegistryImpl/" done in 6.082 μs
[21:07:00] [main/TRACE] [REI] [REIPlugin END] Reloading Section: "post-stage/DisplaySerializerRegistryImpl/"
[21:07:00] [main/TRACE] [REI] [REIPlugin END] Reloading Section: "post-stage/DisplaySerializerRegistryImpl/" done in 6.011 μs
[21:07:00] [main/TRACE] [REI] [REIPlugin END] Reloading Section: "post-stage/FluidSupportProviderImpl/"
[21:07:00] [main/TRACE] [REI] [REIPlugin END] Reloading Section: "post-stage/FluidSupportProviderImpl/" done in 6.131 μs
[21:07:00] [main/TRACE] [REI] [REIPlugin END] Reloading Section: "post-stage/" done in 1.842 ms
[21:07:00] [main/DEBUG] [REI] ========================================
[21:07:00] [main/INFO] [REI] REIPlugin finished post-reload for END in 3.200 ms, totaling 32.93 ms.
[21:07:00] [main/DEBUG] [REI] ========================================
[21:07:00] [main/DEBUG] [REI] ========================================
[21:07:00] [main/DEBUG] [REI] REIServerPlugin starting post-reload for END.
[21:07:00] [main/DEBUG] [REI] Reloadables (2):
[21:07:00] [main/DEBUG] [REI]  - MenuInfoRegistryImpl
[21:07:00] [main/DEBUG] [REI]  - SlotAccessorRegistryImpl
[21:07:00] [main/DEBUG] [REI] Plugins (3):
[21:07:00] [main/DEBUG] [REI]  - (-100.00) DefaultPluginImpl of DefaultPluginImpl [roughlyenoughitems]
[21:07:00] [main/DEBUG] [REI]  - (0.00) AetherREIServerPlugin of AetherREIServerPlugin [aether]
[21:07:00] [main/DEBUG] [REI]  - (0.00) DefaultRuntimePlugin of DefaultRuntimePlugin [roughlyenoughitems]
[21:07:00] [main/DEBUG] [REI] ========================================
[21:07:00] [main/TRACE] [REI] [REIServerPlugin END] Reloading Section: "post-register/"
[21:07:00] [main/TRACE] [REI] [REIServerPlugin END] Reloading Section: "post-register/DefaultPluginImpl of DefaultPluginImpl [roughlyenoughitems]/"
[21:07:00] [main/TRACE] [REI] [REIServerPlugin END] Reloading Section: "post-register/DefaultPluginImpl of DefaultPluginImpl [roughlyenoughitems]/" done in 8.917 μs
[21:07:00] [main/TRACE] [REI] [REIServerPlugin END] Reloading Section: "post-register/AetherREIServerPlugin of AetherREIServerPlugin [aether]/"
[21:07:00] [main/TRACE] [REI] [REIServerPlugin END] Reloading Section: "post-register/AetherREIServerPlugin of AetherREIServerPlugin [aether]/" done in 8.035 μs
[21:07:00] [main/TRACE] [REI] [REIServerPlugin END] Reloading Section: "post-register/DefaultRuntimePlugin of DefaultRuntimePlugin [roughlyenoughitems]/"
[21:07:00] [main/TRACE] [REI] [REIServerPlugin END] Reloading Section: "post-register/DefaultRuntimePlugin of DefaultRuntimePlugin [roughlyenoughitems]/" done in 7.153 μs
[21:07:00] [main/TRACE] [REI] [REIServerPlugin END] Reloading Section: "post-register/" done in 390.7 μs
[21:07:00] [main/TRACE] [REI] [REIServerPlugin END] Reloading Section: "post-stage/"
[21:07:00] [main/TRACE] [REI] [REIServerPlugin END] Reloading Section: "post-stage/MenuInfoRegistryImpl/"
[21:07:00] [main/TRACE] [REI] [REIServerPlugin END] Reloading Section: "post-stage/MenuInfoRegistryImpl/" done in 5.831 μs
[21:07:00] [main/TRACE] [REI] [REIServerPlugin END] Reloading Section: "post-stage/SlotAccessorRegistryImpl/"
[21:07:00] [main/TRACE] [REI] [REIServerPlugin END] Reloading Section: "post-stage/SlotAccessorRegistryImpl/" done in 5.811 μs
[21:07:00] [main/TRACE] [REI] [REIServerPlugin END] Reloading Section: "post-stage/" done in 208.9 μs
[21:07:00] [main/DEBUG] [REI] ========================================
[21:07:00] [main/INFO] [REI] REIServerPlugin finished post-reload for END in 795.8 μs, totaling 11.67 ms.
[21:07:00] [main/DEBUG] [REI] ========================================
